<?xml version="1.0" encoding="UTF-8"?>
<!-- Generated by org.testng.reporters.JUnitReportReporter -->
<testsuite skipped="0" hostname="DESKTOP-6VS0KJB" name="com.qa.testscripts.TC_Myntra001" tests="1" failures="0" timestamp="2021-09-09T15:25:48 IST" time="13.261" errors="0">
  <testcase name="search" time="13.261" classname="com.qa.testscripts.TC_Myntra001"/>
  <system-out/>
</testsuite> <!-- com.qa.testscripts.TC_Myntra001 -->
