<?xml version="1.0" encoding="UTF-8"?>
<!-- Generated by org.testng.reporters.JUnitReportReporter -->
<testsuite skipped="0" hostname="DESKTOP-6VS0KJB" name="com.qa.testscripts.TestBase" tests="1" failures="0" timestamp="2021-09-16T16:16:55 IST" time="8.433" errors="0">
  <testcase name="loginTest" time="8.433" classname="com.qa.testscripts.TestBase"/>
  <system-out/>
</testsuite> <!-- com.qa.testscripts.TestBase -->
