<?xml version="1.0" encoding="UTF-8"?>
<!-- Generated by org.testng.reporters.JUnitReportReporter -->
<testsuite skipped="0" hostname="DESKTOP-6VS0KJB" name="com.qa.testscripts.TC_TermsAndConditions004" tests="1" failures="0" timestamp="2021-09-20T14:54:22 IST" time="6.501" errors="0">
  <testcase name="terms" time="6.501" classname="com.qa.testscripts.TC_TermsAndConditions004"/>
  <system-out/>
</testsuite> <!-- com.qa.testscripts.TC_TermsAndConditions004 -->
