<?xml version="1.0" encoding="UTF-8"?>
<!-- Generated by org.testng.reporters.JUnitReportReporter -->
<testsuite skipped="0" hostname="DESKTOP-6VS0KJB" name="com.qa.testscripts.TC_UpdateMyprofile" tests="1" failures="0" timestamp="2021-09-17T12:22:58 IST" time="37.940" errors="0">
  <testcase name="Profile" time="37.940" classname="com.qa.testscripts.TC_UpdateMyprofile"/>
  <system-out>
    <![CDATA[Vogue Institute of Art and Design<br>
Administrative Management College<br>
IIM Bangalore - Indian Institute of Management, Karnataka<br>
Alliance School of Business, Alliance University<br>
Indian Institute of Science<br>
Christ University<br>
Krupanidhi School of Management, Krupanidhi Group of Institutions<br>
Jain Deemed-to-be University - Online Campus<br>
Jagdish Sheth School of Management (Formerly IFIM Business School)<br>
M.S. Ramaiah University of Applied Sciences (MSRUAS)<br>
Indian Institute of Plantation Management<br>
Dr. Ambedkar Institute Of Technology (AIT), Bangalore<br>
University of Agricultural Sciences, Bangalore<br>
Pearl Academy, Bangalore<br>
Faculty of Management and Commerce, M.S. Ramaiah University of Applied Sciences<br>
Indian Academy<br>
School of Allied Healthcare and Sciences, Jain (Deemed-to-be University)<br>
International Institute of Industrial Safety Management<br>
Dairy Science College, Bangalore<br>
Bangalore University<br>
Government Ramnarayan Chellaram College of Commerce and Management<br>
CMS Business School, Jain (Deemed-to-be University)<br>
GITAM School of Technology, Bangalore<br>
AIMS Institutes<br>
Global Shiksha Institute<br>
Canara Bank School Of Management Studies<br>
Maharani's Arts, Commerce and Management College for Wormen<br>
Government Arts College, Bangalore<br>
Lalbahadur Shastri Government First Grade College<br>
BMS College of Commerce and Management - BMSCCM<br>
IBMR-IBS College, Bangalore<br>
School of Management, Presidency University<br>
Hal Management Academy<br>
Department of PG Studies, VisvesvarayaTechnological University, Bangalore<br>
Government First Grade College, K.R.Puram<br>
Maharani Science College<br>
Chennais Amirta International Institute of Hotel Management, Bengaluru Campus<br>
ILAM Bangalore - Institute of Logistics and Aviation Management Bangalore<br>
upGrad - Jain (Deemed-to-be-University)<br>
MBA ESG, Bangalore<br>
NMIMS Global Access School for Continuing Education, Mumbai<br>
GEMS B School, Bangalore<br>
Amity University Online<br>
Online- Manipal University<br>
Indian School of Business Management and Administration, Bangalore<br>
One School of Business<br>
CMR University (School of Management)<br>
RV Institute of Management<br>]]>
  </system-out>
</testsuite> <!-- com.qa.testscripts.TC_UpdateMyprofile -->
