<?xml version="1.0" encoding="UTF-8"?>
<!-- Generated by org.testng.reporters.JUnitReportReporter -->
<testsuite skipped="0" hostname="DESKTOP-6VS0KJB" name="com.qa.testscripts.TC_Shiksha006" tests="1" failures="0" timestamp="2021-09-20T14:54:22 IST" time="32.522" errors="0">
  <testcase name="Profile" time="32.522" classname="com.qa.testscripts.TC_Shiksha006"/>
  <system-out>
    <![CDATA[Top Business & Management Studies Colleges in India - 2021 Fees, Courses, Placements, Ranking, Exams
Jagdish Sheth School of Management (Formerly IFIM Business School)<br>
IIMT Studies- International Institute of Management and Technical Studies, Bangalore<br>
IIM Bangalore - Indian Institute of Management, Karnataka<br>
Alliance School of Business, Alliance University<br>
Indian Institute of Science<br>
Christ University<br>
CMR University (School of Management)<br>
Amity Global Business School (AGBS), Bangalore<br>
Jain Deemed-to-be University - Online Campus<br>
Indian School of Business Management and Administration, Bangalore<br>
M.S. Ramaiah University of Applied Sciences (MSRUAS)<br>
Indian Institute of Plantation Management<br>
University of Agricultural Sciences, Bangalore<br>
Dr. Ambedkar Institute Of Technology (AIT), Bangalore<br>
ABBS School of Management<br>
upGrad - Jain (Deemed-to-be-University)<br>
One School of Business<br>
iDream Academy<br>
Bangalore University<br>
Dairy Science College, Bangalore<br>
International Institute of Industrial Safety Management<br>
Government Ramnarayan Chellaram College of Commerce and Management<br>
IBMR-IBS College, Bangalore<br>
Online- Manipal University<br>
NMIMS Global Access School for Continuing Education, Mumbai<br>
Pearl Academy, Bangalore<br>
Canara Bank School Of Management Studies<br>
Maharani's Arts, Commerce and Management College for Wormen<br>
Government Arts College, Bangalore<br>
Hal Management Academy<br>
GITAM School of Technology, Bangalore<br>
CMS Business School, Jain (Deemed-to-be University)<br>
Krupanidhi School of Management, Krupanidhi Group of Institutions<br>
ILAM Bangalore - Institute of Logistics and Aviation Management Bangalore<br>
Lalbahadur Shastri Government First Grade College<br>
Department of PG Studies, VisvesvarayaTechnological University, Bangalore<br>
Government First Grade College, K.R.Puram<br>
Maharani Science College<br>
Regional College Of Management Bangalore<br>
ISBR College<br>
Indian Academy<br>
Chennais Amirta International Institute of Hotel Management, Bengaluru Campus<br>
School of Management, Presidency University<br>
Faculty of Management and Commerce, M.S. Ramaiah University of Applied Sciences<br>
Krupanidhi Degree College, Krupanidhi Group of Institutions<br>
GEMS B School, Bangalore<br>
ISBR Business School<br>
GITAM School of Business, Bangalore<br>
CMR Center for Business Studies<br>]]>
  </system-out>
</testsuite> <!-- com.qa.testscripts.TC_Shiksha006 -->
