<?xml version="1.0" encoding="UTF-8"?>
<!-- Generated by org.testng.reporters.JUnitReportReporter -->
<testsuite skipped="0" hostname="DESKTOP-6VS0KJB" name="com.qa.testscripts.TC_ApplyJob003" tests="1" failures="0" timestamp="2021-09-16T23:27:07 IST" time="46.948" errors="0">
  <testcase name="applyJob" time="46.948" classname="com.qa.testscripts.TC_ApplyJob003"/>
  <system-out/>
</testsuite> <!-- com.qa.testscripts.TC_ApplyJob003 -->
