<?xml version="1.0" encoding="UTF-8"?>
<!-- Generated by org.testng.reporters.JUnitReportReporter -->
<testsuite skipped="0" hostname="DESKTOP-6VS0KJB" name="com.qa.testscripts.TC_TermsAndConditions" tests="1" failures="0" timestamp="2021-09-16T21:10:00 IST" time="7.073" errors="0">
  <testcase name="terms" time="7.073" classname="com.qa.testscripts.TC_TermsAndConditions"/>
  <system-out/>
</testsuite> <!-- com.qa.testscripts.TC_TermsAndConditions -->
