<?xml version="1.0" encoding="UTF-8"?>
<!-- Generated by org.testng.reporters.JUnitReportReporter -->
<testsuite skipped="0" hostname="DESKTOP-6VS0KJB" name="com.qa.testscripts.TC_CareerGuidance006" tests="1" failures="0" timestamp="2021-09-16T23:23:51 IST" time="50.330" errors="0">
  <testcase name="findHR_InterviewQA" time="50.330" classname="com.qa.testscripts.TC_CareerGuidance006"/>
  <system-out/>
</testsuite> <!-- com.qa.testscripts.TC_CareerGuidance006 -->
