<?xml version="1.0" encoding="UTF-8"?>
<!-- Generated by org.testng.reporters.JUnitReportReporter -->
<testsuite skipped="0" hostname="DESKTOP-6VS0KJB" name="com.qa.testscripts.TC_Nakuri" tests="1" failures="0" timestamp="2021-09-15T14:28:25 IST" time="18.540" errors="0">
  <testcase name="loginTest" time="18.540" classname="com.qa.testscripts.TC_Nakuri"/>
  <system-out/>
</testsuite> <!-- com.qa.testscripts.TC_Nakuri -->
