<?xml version="1.0" encoding="UTF-8"?>
<!-- Generated by org.testng.reporters.JUnitReportReporter -->
<testsuite skipped="0" hostname="DESKTOP-6VS0KJB" name="com.qa.testscripts.TC_TermsAndConditions005" tests="1" failures="0" timestamp="2021-09-16T23:23:51 IST" time="6.690" errors="0">
  <testcase name="terms" time="6.690" classname="com.qa.testscripts.TC_TermsAndConditions005"/>
  <system-out/>
</testsuite> <!-- com.qa.testscripts.TC_TermsAndConditions005 -->
