<?xml version="1.0" encoding="UTF-8"?>
<!-- Generated by org.testng.reporters.JUnitReportReporter -->
<testsuite hostname="DESKTOP-DQ5DBDI" failures="0" tests="3" name="com.qa.testscripts.GoogleScript" time="19.593" errors="0" timestamp="2021-08-25T17:16:27 IST" skipped="0">
  <testcase classname="com.qa.testscripts.GoogleScript" name="searchItem" time="6.960"/>
  <system-out>
    <![CDATA[automation testing<br>
automation testing interview questions<br>
automation testing tools<br>
automation testing jobs<br>
automation testing courses<br>
automation testing tutorial<br>
automation testing tools list<br>
automation testing selenium<br>
automation testing jobs in pune<br>
automation testing jobs in chennai<br>]]>
  </system-out>
  <testcase classname="com.qa.testscripts.GoogleScript" name="searchItem" time="6.650"/>
  <system-out>
    <![CDATA[java automation testing<br>
java interview questions for automation testing<br>
Java Interview Questions and Answers
Book by coding interview<br>
java<br>
javascript automation testing<br>
javascript<br>
javatpoint<br>
java automation testing tools<br>
javascript tutorial for automation testing<br>
javascript automation testing framework<br>]]>
  </system-out>
  <testcase classname="com.qa.testscripts.GoogleScript" name="searchItem" time="5.983"/>
  <system-out>
    <![CDATA[python<br>
python versions<br>
Python Software Foundation<br>
python code<br>
python libraries<br>
python ide<br>
python function<br>
python programming<br>
python online compiler<br>
python download<br>]]>
  </system-out>
</testsuite> <!-- com.qa.testscripts.GoogleScript -->
