<?xml version="1.0" encoding="UTF-8"?>
<!-- Generated by org.testng.reporters.JUnitReportReporter -->
<testsuite skipped="0" hostname="DESKTOP-6VS0KJB" name="com.qa.testscripts.TC_CareerGuidance" tests="1" failures="0" timestamp="2021-09-16T21:13:41 IST" time="54.513" errors="0">
  <testcase name="findHR_InterviewQA" time="54.513" classname="com.qa.testscripts.TC_CareerGuidance"/>
  <system-out/>
</testsuite> <!-- com.qa.testscripts.TC_CareerGuidance -->
