<?xml version="1.0" encoding="UTF-8"?>
<!-- Generated by org.testng.reporters.JUnitReportReporter -->
<testsuite hostname="DESKTOP-DQ5DBDI" failures="0" tests="1" name="com.qa.testscripts.Amazon" time="0.000" errors="0" timestamp="2021-08-31T16:38:01 IST" skipped="1">
  <testcase classname="com.qa.testscripts.Amazon" name="searchItem" time="0.000">
    <skipped/>
  </testcase> <!-- searchItem -->
  <system-out/>
</testsuite> <!-- com.qa.testscripts.Amazon -->
