<?xml version="1.0" encoding="UTF-8"?>
<!-- Generated by org.testng.reporters.JUnitReportReporter -->
<testsuite skipped="0" hostname="DESKTOP-6VS0KJB" name="com.qa.testscripts.TC_LogOut" tests="1" failures="0" timestamp="2021-09-16T09:25:47 IST" time="9.775" errors="0">
  <testcase name="logOutTest" time="9.775" classname="com.qa.testscripts.TC_LogOut"/>
  <system-out/>
</testsuite> <!-- com.qa.testscripts.TC_LogOut -->
