<?xml version="1.0" encoding="UTF-8"?>
<!-- Generated by org.testng.reporters.JUnitReportReporter -->
<testsuite skipped="0" hostname="DESKTOP-6VS0KJB" name="com.qa.testscripts.TC_RecomendedJobs003" tests="1" failures="0" timestamp="2021-09-20T14:54:22 IST" time="15.944" errors="0">
  <testcase name="recomendedJobs" time="15.944" classname="com.qa.testscripts.TC_RecomendedJobs003"/>
  <system-out>
    <![CDATA[Engineer- Sales & Marketing
Engineer- Sales & Marketing
ORBIT RESEARCH ASSOCIATES PRIVATE LIMITED
ORBIT RESEARCH ASSOCIATES PRIVATE LIMITED
2.5 L - 3.5 L
Bengaluru / Bangalore, Delhi, Mumbai
BE / B.Tech (Chemical, Electronics and Communication, Electronics and Instrumentation, Instrumentation and Control, Polymer Science and Chemical Technology)
Software Developer
Software Developer
Meditab Software India Pvt Ltd
Meditab Software India Pvt Ltd
3.5 L - 4.25 L
Ahmedabad
BE / B.Tech (Computer Science, Electrical and Electronics, Electronics and Communication, Information Technology) M.E. / M.Tech (Electonics Instrumentation and Communication)
.Net Developer
.Net Developer
FAB SOFTWARE STOCK
FAB SOFTWARE STOCK
1 L - 1.5 L
Aurangabad
BE / B.Tech (Computer Science)
Software Engineer - Backend - InfoEdge India Ltd
Software Engineer - Backend - InfoEdge India Ltd
infoedge
infoedge
9 L - 12 L
Noida
BE / B.Tech (Any Specialization)
Software Engineer - Front End - InfoEdge India Ltd
Software Engineer - Front End - InfoEdge India Ltd
infoedge
infoedge
9 L - 12 L
Noida
BE / B.Tech (Any Specialization)
Software Engineer
Software Engineer
WonderBiz Technologies Pvt Ltd
WonderBiz Technologies Pvt Ltd
3 L - 6 L
Mumbai
BE / B.Tech (Computer Science, Information Technology)
Graduate Engineer Trainee
Graduate Engineer Trainee
NewWave Computing Pvt.Ltd.
NewWave Computing Pvt.Ltd.
2.75 L - 3 L
Bengaluru / Bangalore, Chennai, Hyderabad / Secunderabad
BE / B.Tech (Any Specialization)
Jr. Database Developer
Jr. Database Developer
KNOVOS INDIA PRIVATE LIMITED
KNOVOS INDIA PRIVATE LIMITED
3 L
Gandhinagar
BE / B.Tech (Computer Science, Information Technology)
Jr. Software Engineer
Jr. Software Engineer
KNOVOS INDIA PRIVATE LIMITED
KNOVOS INDIA PRIVATE LIMITED
3 L
Gandhinagar
BE / B.Tech (Computer Science, Information Technology)
Technical Trainee
Technical Trainee
Fujitsu Consulting India
Fujitsu Consulting India
3.5 L - 4 L
Bengaluru / Bangalore, Chennai, Hyderabad / Secunderabad, Pune, Noida
BE / B.Tech (Any Specialization)]]>
  </system-out>
</testsuite> <!-- com.qa.testscripts.TC_RecomendedJobs003 -->
