<?xml version="1.0" encoding="UTF-8"?>
<!-- Generated by org.testng.reporters.JUnitReportReporter -->
<testsuite skipped="0" hostname="DESKTOP-6VS0KJB" name="com.qa.testscripts.TC_ApplyJob002" tests="1" failures="0" timestamp="2021-09-20T16:47:54 IST" time="45.858" errors="0">
  <testcase name="applyJob" time="45.858" classname="com.qa.testscripts.TC_ApplyJob002"/>
  <system-out>
    <![CDATA[user is landed on valid page]]>
  </system-out>
</testsuite> <!-- com.qa.testscripts.TC_ApplyJob002 -->
